0 info it worked if it ends with ok
1 verbose cli [ '/Users/menadkessaci/.nvm/versions/node/v4.9.1/bin/node',
1 verbose cli   '/Users/menadkessaci/.nvm/versions/node/v4.9.1/bin/npm',
1 verbose cli   'test' ]
2 info using npm@2.15.11
3 info using node@v4.9.1
4 verbose stack Error: ENOENT: no such file or directory, open '/Users/menadkessaci/OneDrive - McGill University/Winter 2024/ECSE 429 - Software Validation/Project - Part A/ECSE429/package.json'
4 verbose stack     at Error (native)
5 verbose cwd /Users/menadkessaci/OneDrive - McGill University/Winter 2024/ECSE 429 - Software Validation/Project - Part A/ECSE429
6 error Darwin 19.6.0
7 error argv "/Users/menadkessaci/.nvm/versions/node/v4.9.1/bin/node" "/Users/menadkessaci/.nvm/versions/node/v4.9.1/bin/npm" "test"
8 error node v4.9.1
9 error npm  v2.15.11
10 error path /Users/menadkessaci/OneDrive - McGill University/Winter 2024/ECSE 429 - Software Validation/Project - Part A/ECSE429/package.json
11 error code ENOENT
12 error errno -2
13 error syscall open
14 error enoent ENOENT: no such file or directory, open '/Users/menadkessaci/OneDrive - McGill University/Winter 2024/ECSE 429 - Software Validation/Project - Part A/ECSE429/package.json'
14 error enoent This is most likely not a problem with npm itself
14 error enoent and is related to npm not being able to find a file.
15 verbose exit [ -2, true ]
